<?xml version="1.0" encoding="UTF-8"?>
<testng-results ignored="1" total="2" passed="0" failed="1" skipped="0">
  <reporter-output>
  </reporter-output>
  <suite started-at="2022-08-25T17:14:56 ICT" name="Default suite" finished-at="2022-08-25T17:15:38 ICT" duration-ms="42275">
    <groups>
    </groups>
    <test started-at="2022-08-25T17:14:56 ICT" name="Default test" finished-at="2022-08-25T17:15:38 ICT" duration-ms="42275">
      <class name="com.example.nufarm_expert_mobile.testing.TestLogin">
        <test-method is-config="true" signature="setUP()[pri:0, instance:com.example.nufarm_expert_mobile.testing.TestLogin@6d4e5011]" started-at="2022-08-25T17:14:56 ICT" name="setUP" finished-at="2022-08-25T17:15:09 ICT" duration-ms="13089" status="PASS">
          <reporter-output>
          </reporter-output>
        </test-method> <!-- setUP -->
        <test-method is-config="true" signature="peageObject()[pri:0, instance:com.example.nufarm_expert_mobile.testing.TestLogin@6d4e5011]" started-at="2022-08-25T17:15:09 ICT" name="peageObject" finished-at="2022-08-25T17:15:09 ICT" duration-ms="3" status="PASS">
          <reporter-output>
          </reporter-output>
        </test-method> <!-- peageObject -->
        <test-method signature="validLogin()[pri:1, instance:com.example.nufarm_expert_mobile.testing.TestLogin@6d4e5011]" started-at="2022-08-25T17:15:09 ICT" name="validLogin" finished-at="2022-08-25T17:15:31 ICT" duration-ms="21935" status="FAIL">
          <exception class="org.openqa.selenium.NoSuchElementException">
            <message>
              <![CDATA[An element could not be located on the page using the given search parameters.
For documentation on this error, please visit: https://www.seleniumhq.org/exceptions/no_such_element.html
Build info: version: '3.141.59', revision: 'e82be7d358', time: '2018-11-14T08:17:03'
System info: host: 'DESKTOP-VV8P387', ip: '192.168.20.252', os.name: 'Windows 10', os.arch: 'amd64', os.version: '10.0', java.version: '17.0.4'
Driver info: io.appium.java_client.android.AndroidDriver
Capabilities {appActivity: com.example.nufarm_expert_m..., appPackage: com.example.nufarm_expert_m..., automationName: UiAutomator2, databaseEnabled: false, desired: {appActivity: com.example.nufarm_expert_m..., appPackage: com.example.nufarm_expert_m..., automationName: UiAutomator2, deviceName: RMX1971, noReset: true, platformName: android, platformVersion: 11, udid: e381d3a4}, deviceApiLevel: 30, deviceManufacturer: realme, deviceModel: RMX1971, deviceName: e381d3a4, deviceScreenDensity: 480, deviceScreenSize: 1080x2340, deviceUDID: e381d3a4, javascriptEnabled: true, locationContextEnabled: false, networkConnectionEnabled: true, noReset: true, pixelRatio: 3, platform: LINUX, platformName: Android, platformVersion: 11, statBarHeight: 96, takesScreenshot: true, udid: e381d3a4, viewportRect: {height: 2036, left: 0, top: 96, width: 1080}, warnings: {}, webStorageEnabled: false}
Session ID: cc4eeed8-8c7b-4ccd-815d-0c24f54a51b9
*** Element info: {Using=xpath, value=//android.view.View[@content-desc="Selamat Pagi, 
beki"]}]]>
            </message>
            <full-stacktrace>
              <![CDATA[org.openqa.selenium.NoSuchElementException: An element could not be located on the page using the given search parameters.
For documentation on this error, please visit: https://www.seleniumhq.org/exceptions/no_such_element.html
Build info: version: '3.141.59', revision: 'e82be7d358', time: '2018-11-14T08:17:03'
System info: host: 'DESKTOP-VV8P387', ip: '192.168.20.252', os.name: 'Windows 10', os.arch: 'amd64', os.version: '10.0', java.version: '17.0.4'
Driver info: io.appium.java_client.android.AndroidDriver
Capabilities {appActivity: com.example.nufarm_expert_m..., appPackage: com.example.nufarm_expert_m..., automationName: UiAutomator2, databaseEnabled: false, desired: {appActivity: com.example.nufarm_expert_m..., appPackage: com.example.nufarm_expert_m..., automationName: UiAutomator2, deviceName: RMX1971, noReset: true, platformName: android, platformVersion: 11, udid: e381d3a4}, deviceApiLevel: 30, deviceManufacturer: realme, deviceModel: RMX1971, deviceName: e381d3a4, deviceScreenDensity: 480, deviceScreenSize: 1080x2340, deviceUDID: e381d3a4, javascriptEnabled: true, locationContextEnabled: false, networkConnectionEnabled: true, noReset: true, pixelRatio: 3, platform: LINUX, platformName: Android, platformVersion: 11, statBarHeight: 96, takesScreenshot: true, udid: e381d3a4, viewportRect: {height: 2036, left: 0, top: 96, width: 1080}, warnings: {}, webStorageEnabled: false}
Session ID: cc4eeed8-8c7b-4ccd-815d-0c24f54a51b9
*** Element info: {Using=xpath, value=//android.view.View[@content-desc="Selamat Pagi, 
beki"]}
at java.base/jdk.internal.reflect.NativeConstructorAccessorImpl.newInstance0(Native Method)
at java.base/jdk.internal.reflect.NativeConstructorAccessorImpl.newInstance(NativeConstructorAccessorImpl.java:77)
at java.base/jdk.internal.reflect.DelegatingConstructorAccessorImpl.newInstance(DelegatingConstructorAccessorImpl.java:45)
at java.base/java.lang.reflect.Constructor.newInstanceWithCaller(Constructor.java:499)
at java.base/java.lang.reflect.Constructor.newInstance(Constructor.java:480)
at org.openqa.selenium.remote.http.W3CHttpResponseCodec.createException(W3CHttpResponseCodec.java:187)
at org.openqa.selenium.remote.http.W3CHttpResponseCodec.decode(W3CHttpResponseCodec.java:122)
at org.openqa.selenium.remote.http.W3CHttpResponseCodec.decode(W3CHttpResponseCodec.java:49)
at org.openqa.selenium.remote.HttpCommandExecutor.execute(HttpCommandExecutor.java:158)
at io.appium.java_client.remote.AppiumCommandExecutor.execute(AppiumCommandExecutor.java:239)
at org.openqa.selenium.remote.RemoteWebDriver.execute(RemoteWebDriver.java:552)
at io.appium.java_client.DefaultGenericMobileDriver.execute(DefaultGenericMobileDriver.java:41)
at io.appium.java_client.AppiumDriver.execute(AppiumDriver.java:1)
at io.appium.java_client.android.AndroidDriver.execute(AndroidDriver.java:1)
at org.openqa.selenium.remote.RemoteWebDriver.findElement(RemoteWebDriver.java:323)
at io.appium.java_client.DefaultGenericMobileDriver.findElement(DefaultGenericMobileDriver.java:61)
at io.appium.java_client.AppiumDriver.findElement(AppiumDriver.java:1)
at io.appium.java_client.android.AndroidDriver.findElement(AndroidDriver.java:1)
at org.openqa.selenium.remote.RemoteWebDriver.findElementByXPath(RemoteWebDriver.java:428)
at io.appium.java_client.DefaultGenericMobileDriver.findElementByXPath(DefaultGenericMobileDriver.java:151)
at io.appium.java_client.AppiumDriver.findElementByXPath(AppiumDriver.java:1)
at io.appium.java_client.android.AndroidDriver.findElementByXPath(AndroidDriver.java:1)
at org.openqa.selenium.By$ByXPath.findElement(By.java:353)
at org.openqa.selenium.remote.RemoteWebDriver.findElement(RemoteWebDriver.java:315)
at io.appium.java_client.DefaultGenericMobileDriver.findElement(DefaultGenericMobileDriver.java:57)
at io.appium.java_client.AppiumDriver.findElement(AppiumDriver.java:1)
at io.appium.java_client.android.AndroidDriver.findElement(AndroidDriver.java:1)
at com.example.nufarm_expert_mobile.pages.Login.getTextGreeting(Login.java:34)
at com.example.nufarm_expert_mobile.testing.TestLogin.validLogin(TestLogin.java:51)
at java.base/jdk.internal.reflect.NativeMethodAccessorImpl.invoke0(Native Method)
at java.base/jdk.internal.reflect.NativeMethodAccessorImpl.invoke(NativeMethodAccessorImpl.java:77)
at java.base/jdk.internal.reflect.DelegatingMethodAccessorImpl.invoke(DelegatingMethodAccessorImpl.java:43)
at java.base/java.lang.reflect.Method.invoke(Method.java:568)
at org.testng.internal.MethodInvocationHelper.invokeMethod(MethodInvocationHelper.java:133)
at org.testng.internal.TestInvoker.invokeMethod(TestInvoker.java:598)
at org.testng.internal.TestInvoker.invokeTestMethod(TestInvoker.java:173)
at org.testng.internal.MethodRunner.runInSequence(MethodRunner.java:46)
at org.testng.internal.TestInvoker$MethodInvocationAgent.invoke(TestInvoker.java:824)
at org.testng.internal.TestInvoker.invokeTestMethods(TestInvoker.java:146)
at org.testng.internal.TestMethodWorker.invokeTestMethods(TestMethodWorker.java:146)
at org.testng.internal.TestMethodWorker.run(TestMethodWorker.java:128)
at java.base/java.util.ArrayList.forEach(ArrayList.java:1511)
at org.testng.TestRunner.privateRun(TestRunner.java:794)
at org.testng.TestRunner.run(TestRunner.java:596)
at org.testng.SuiteRunner.runTest(SuiteRunner.java:377)
at org.testng.SuiteRunner.runSequentially(SuiteRunner.java:371)
at org.testng.SuiteRunner.privateRun(SuiteRunner.java:332)
at org.testng.SuiteRunner.run(SuiteRunner.java:276)
at org.testng.SuiteRunnerWorker.runSuite(SuiteRunnerWorker.java:53)
at org.testng.SuiteRunnerWorker.run(SuiteRunnerWorker.java:96)
at org.testng.TestNG.runSuitesSequentially(TestNG.java:1212)
at org.testng.TestNG.runSuitesLocally(TestNG.java:1134)
at org.testng.TestNG.runSuites(TestNG.java:1063)
at org.testng.TestNG.run(TestNG.java:1031)
at org.testng.remote.AbstractRemoteTestNG.run(AbstractRemoteTestNG.java:115)
at org.testng.remote.RemoteTestNG.initAndRun(RemoteTestNG.java:251)
at org.testng.remote.RemoteTestNG.main(RemoteTestNG.java:77)
]]>
            </full-stacktrace>
          </exception> <!-- org.openqa.selenium.NoSuchElementException -->
          <reporter-output>
          </reporter-output>
        </test-method> <!-- validLogin -->
        <test-method is-config="true" signature="logout()[pri:0, instance:com.example.nufarm_expert_mobile.testing.TestLogin@6d4e5011]" started-at="2022-08-25T17:15:31 ICT" name="logout" finished-at="2022-08-25T17:15:38 ICT" duration-ms="6513" status="PASS">
          <reporter-output>
          </reporter-output>
        </test-method> <!-- logout -->
        <test-method is-config="true" signature="closeApp()[pri:0, instance:com.example.nufarm_expert_mobile.testing.TestLogin@6d4e5011]" started-at="2022-08-25T17:15:38 ICT" name="closeApp" finished-at="2022-08-25T17:15:38 ICT" duration-ms="704" status="PASS">
          <reporter-output>
          </reporter-output>
        </test-method> <!-- closeApp -->
      </class> <!-- com.example.nufarm_expert_mobile.testing.TestLogin -->
    </test> <!-- Default test -->
  </suite> <!-- Default suite -->
</testng-results>
